[0m19:24:08.829565 [debug] [MainThread]: Sending event: {'category': 'dbt', 'action': 'invocation', 'label': 'start', 'context': [<snowplow_tracker.self_describing_json.SelfDescribingJson object at 0x7f1bc18ab280>, <snowplow_tracker.self_describing_json.SelfDescribingJson object at 0x7f1bc2041240>, <snowplow_tracker.self_describing_json.SelfDescribingJson object at 0x7f1bc20411e0>]}


============================== 19:24:08.838467 | 46c07542-7264-4565-ac9f-613ec41178ba ==============================
[0m19:24:08.838467 [info ] [MainThread]: Running with dbt=1.7.6
[0m19:24:08.839237 [debug] [MainThread]: running dbt with arguments {'printer_width': '80', 'indirect_selection': 'eager', 'log_cache_events': 'False', 'write_json': 'True', 'partial_parse': 'True', 'cache_selected_only': 'False', 'profiles_dir': '/home/vscode/.dbt', 'fail_fast': 'False', 'version_check': 'True', 'log_path': 'logs', 'debug': 'False', 'warn_error': 'None', 'use_colors': 'True', 'use_experimental_parser': 'False', 'no_print': 'None', 'quiet': 'False', 'log_format': 'default', 'static_parser': 'True', 'invocation_command': 'dbt init', 'warn_error_options': 'WarnErrorOptions(include=[], exclude=[])', 'target_path': 'None', 'introspect': 'True', 'send_anonymous_usage_stats': 'True'}
[0m19:24:08.839896 [warn ] [MainThread]: [ConfigFolderDirectory]: Unable to parse dict {'dir': PosixPath('/home/vscode/.dbt')}
[0m19:24:08.840408 [info ] [MainThread]: Creating dbt configuration folder at 
[0m19:24:17.288149 [debug] [MainThread]: Starter project path: /home/vscode/.local/lib/python3.10/site-packages/dbt/include/starter_project
[0m19:24:17.294088 [info ] [MainThread]: 
Your new dbt project "coffee_shop_deblina" was created!

For more information on how to configure the profiles.yml file,
please consult the dbt documentation here:

  https://docs.getdbt.com/docs/configure-your-profile

One more thing:

Need help? Don't hesitate to reach out to us via GitHub issues or on Slack:

  https://community.getdbt.com/

Happy modeling!

[0m19:24:17.294967 [info ] [MainThread]: Setting up your profile.
[0m19:27:46.439738 [info ] [MainThread]: Profile coffee_shop_deblina written to /home/vscode/.dbt/profiles.yml using target's profile_template.yml and your supplied values. Run 'dbt debug' to validate the connection.
[0m19:27:46.446991 [debug] [MainThread]: Resource report: {"command_name": "init", "command_success": true, "command_wall_clock_time": 217.6234, "process_user_time": 2.218094, "process_kernel_time": 0.205311, "process_mem_max_rss": "108968", "process_in_blocks": "72", "process_out_blocks": "88"}
[0m19:27:46.447709 [debug] [MainThread]: Command `dbt init` succeeded at 19:27:46.447543 after 217.62 seconds
[0m19:27:46.448266 [debug] [MainThread]: Sending event: {'category': 'dbt', 'action': 'invocation', 'label': 'end', 'context': [<snowplow_tracker.self_describing_json.SelfDescribingJson object at 0x7f1bc18ab280>, <snowplow_tracker.self_describing_json.SelfDescribingJson object at 0x7f1bbe6fa800>, <snowplow_tracker.self_describing_json.SelfDescribingJson object at 0x7f1bbe6f8a00>]}
[0m19:27:46.448769 [debug] [MainThread]: Flushing usage events
